#
# There is insufficient memory for the Java Runtime Environment to continue.
# Native memory allocation (mmap) failed to map 134217728 bytes for G1 virtual space
# Possible reasons:
#   The system is out of physical RAM or swap space
#   The process is running with CompressedOops enabled, and the Java Heap may be blocking the growth of the native heap
# Possible solutions:
#   Reduce memory load on the system
#   Increase physical memory or swap space
#   Check if swap backing store is full
#   Decrease Java heap size (-Xmx/-Xms)
#   Decrease number of Java threads
#   Decrease Java thread stack sizes (-Xss)
#   Set larger code cache with -XX:ReservedCodeCacheSize=
#   JVM is running with Unscaled Compressed Oops mode in which the Java heap is
#     placed in the first 4GB address space. The Java Heap base address is the
#     maximum limit for the native heap growth. Please use -XX:HeapBaseMinAddress
#     to set the Java Heap base and to place the Java Heap above 4GB virtual address.
# This output file may be truncated or incomplete.
#
#  Out of Memory Error (os_windows.cpp:3771), pid=4752, tid=15188
#
# JRE version:  (17.0.7) (build )
# Java VM: OpenJDK 64-Bit Server VM (17.0.7+0-b2043.56-10550314, mixed mode, sharing, tiered, compressed oops, compressed class ptrs, g1 gc, windows-amd64)
# No core dump will be written. Minidumps are not enabled by default on client versions of Windows
#

---------------  S U M M A R Y ------------

Command Line: git4idea.http.GitAskPassApp Username for 'https://github.com': 

Host: Intel(R) Xeon(R) CPU E5-1620 0 @ 3.60GHz, 8 cores, 7G,  Windows 10 , 64 bit Build 19041 (10.0.19041.3636)
Time: Fri Apr  5 12:00:15 2024 Pakistan Standard Time elapsed time: 0.041301 seconds (0d 0h 0m 0s)

---------------  T H R E A D  ---------------

Current thread (0x000001e9822b03f0):  JavaThread "Unknown thread" [_thread_in_vm, id=15188, stack(0x0000009a8bd00000,0x0000009a8be00000)]

Stack: [0x0000009a8bd00000,0x0000009a8be00000]
Native frames: (J=compiled Java code, j=interpreted, Vv=VM code, C=native code)
V  [jvm.dll+0x683bfa]
V  [jvm.dll+0x8430a4]
V  [jvm.dll+0x8449be]
V  [jvm.dll+0x845023]
V  [jvm.dll+0x24ad2f]
V  [jvm.dll+0x680ac9]
V  [jvm.dll+0x67519a]
V  [jvm.dll+0x30b3cb]
V  [jvm.dll+0x312876]
V  [jvm.dll+0x36221e]
V  [jvm.dll+0x36244f]
V  [jvm.dll+0x2e14a8]
V  [jvm.dll+0x2e2414]
V  [jvm.dll+0x814391]
V  [jvm.dll+0x36ffe1]
V  [jvm.dll+0x7f396c]
V  [jvm.dll+0x3f305f]
V  [jvm.dll+0x3f4b91]
C  [jli.dll+0x528f]
C  [ucrtbase.dll+0x21bb2]
C  [KERNEL32.DLL+0x17344]
C  [ntdll.dll+0x526b1]


---------------  P R O C E S S  ---------------

Threads class SMR info:
_java_thread_list=0x00007ff88f14d098, length=0, elements={
}

Java Threads: ( => current thread )

Other Threads:
  0x000001e98230d8c0 GCTaskThread "GC Thread#0" [stack: 0x0000009a8be00000,0x0000009a8bf00000] [id=13208]
  0x000001e98231e5d0 ConcurrentGCThread "G1 Main Marker" [stack: 0x0000009a8bf00000,0x0000009a8c000000] [id=14096]
  0x000001e98231f690 ConcurrentGCThread "G1 Conc#0" [stack: 0x0000009a8c000000,0x0000009a8c100000] [id=2928]

[error occurred during error reporting (printing all threads), id 0xc0000005, EXCEPTION_ACCESS_VIOLATION (0xc0000005) at pc=0x00007ff88e902087]

VM state: not at safepoint (not fully initialized)

VM Mutex/Monitor currently owned by a thread:  ([mutex/lock_event])
[0x000001e9822ac940] Heap_lock - owner thread: 0x000001e9822b03f0

Heap address: 0x0000000080a00000, size: 2038 MB, Compressed Oops mode: 32-bit

CDS archive(s) mapped at: [0x0000000000000000-0x0000000000000000-0x0000000000000000), size 0, SharedBaseAddress: 0x0000000800000000, ArchiveRelocationMode: 0.
Narrow klass base: 0x0000000000000000, Narrow klass shift: 0, Narrow klass range: 0x0

GC Precious Log:
<Empty>

Heap:
 garbage-first heap   total 0K, used 0K [0x0000000080a00000, 0x0000000100000000)
  region size 1024K, 0 young (0K), 0 survivors (0K)
 Metaspace       used 0K, committed 0K, reserved 0K
  class space    used 0K, committed 0K, reserved 0K

Heap Regions: E=young(eden), S=young(survivor), O=old, HS=humongous(starts), HC=humongous(continues), CS=collection set, F=free, OA=open archive, CA=closed archive, TAMS=top-at-mark-start (previous, next)

Card table byte_map: [0x000001e994ec0000,0x000001e9952c0000] _byte_map_base: 0x000001e994abb000

Marking Bits (Prev, Next): (CMBitMap*) 0x000001e98230dde0, (CMBitMap*) 0x000001e98230de20
 Prev Bits: [0x000001e9956c0000, 0x000001e997698000)
 Next Bits: [0x000001e9976a0000, 0x000001e999678000)

GC Heap History (0 events):
No events

Dll operation events (1 events):
Event: 0.019 Loaded shared library C:\Program Files\Android\Android Studio\jbr\bin\java.dll

Deoptimization events (0 events):
No events

Classes unloaded (0 events):
No events

Classes redefined (0 events):
No events

Internal exceptions (0 events):
No events

VM Operations (0 events):
No events

Events (0 events):
No events


Dynamic libraries:
0x00007ff661890000 - 0x00007ff66189a000 	C:\Program Files\Android\Android Studio\jbr\bin\java.exe
0x00007ff90a6b0000 - 0x00007ff90a8a8000 	C:\Windows\SYSTEM32\ntdll.dll
0x00007ff909130000 - 0x00007ff9091ed000 	C:\Windows\System32\KERNEL32.DLL
0x00007ff9081c0000 - 0x00007ff9084b6000 	C:\Windows\System32\KERNELBASE.dll
0x00007ff907fe0000 - 0x00007ff9080e0000 	C:\Windows\System32\ucrtbase.dll
0x00007ff8ef7f0000 - 0x00007ff8ef807000 	C:\Program Files\Android\Android Studio\jbr\bin\jli.dll
0x00007ff8fcb90000 - 0x00007ff8fcbab000 	C:\Program Files\Android\Android Studio\jbr\bin\VCRUNTIME140.dll
0x00007ff909a00000 - 0x00007ff909b9e000 	C:\Windows\System32\USER32.dll
0x00007ff907d60000 - 0x00007ff907d82000 	C:\Windows\System32\win32u.dll
0x00007ff908a00000 - 0x00007ff908a2b000 	C:\Windows\System32\GDI32.dll
0x00007ff900f80000 - 0x00007ff90121a000 	C:\Windows\WinSxS\amd64_microsoft.windows.common-controls_6595b64144ccf1df_6.0.19041.3636_none_60b6a03d71f818d5\COMCTL32.dll
0x00007ff9085c0000 - 0x00007ff9086d7000 	C:\Windows\System32\gdi32full.dll
0x00007ff9091f0000 - 0x00007ff90928e000 	C:\Windows\System32\msvcrt.dll
0x00007ff907f40000 - 0x00007ff907fdd000 	C:\Windows\System32\msvcp_win.dll
0x00007ff90a150000 - 0x00007ff90a182000 	C:\Windows\System32\IMM32.DLL
0x00007ff900ec0000 - 0x00007ff900ecc000 	C:\Program Files\Android\Android Studio\jbr\bin\vcruntime140_1.dll
0x00007ff8f72c0000 - 0x00007ff8f734d000 	C:\Program Files\Android\Android Studio\jbr\bin\msvcp140.dll
0x00007ff88e610000 - 0x00007ff88f290000 	C:\Program Files\Android\Android Studio\jbr\bin\server\jvm.dll
0x00007ff90a5c0000 - 0x00007ff90a670000 	C:\Windows\System32\ADVAPI32.dll
0x00007ff908fc0000 - 0x00007ff909060000 	C:\Windows\System32\sechost.dll
0x00007ff908860000 - 0x00007ff908985000 	C:\Windows\System32\RPCRT4.dll
0x00007ff9080e0000 - 0x00007ff908107000 	C:\Windows\System32\bcrypt.dll
0x00007ff901e10000 - 0x00007ff901e37000 	C:\Windows\SYSTEM32\WINMM.dll
0x00007ff901f40000 - 0x00007ff901f4a000 	C:\Windows\SYSTEM32\VERSION.dll
0x00007ff904cc0000 - 0x00007ff904cc9000 	C:\Windows\SYSTEM32\WSOCK32.dll
0x00007ff908990000 - 0x00007ff9089fb000 	C:\Windows\System32\WS2_32.dll
0x00007ff905c30000 - 0x00007ff905c42000 	C:\Windows\SYSTEM32\kernel.appcore.dll
0x00007ff8fd110000 - 0x00007ff8fd11a000 	C:\Program Files\Android\Android Studio\jbr\bin\jimage.dll
0x00007ff8f41f0000 - 0x00007ff8f43d4000 	C:\Windows\SYSTEM32\DBGHELP.DLL
0x00007ff8f41b0000 - 0x00007ff8f41e4000 	C:\Windows\SYSTEM32\dbgcore.DLL
0x00007ff908530000 - 0x00007ff9085b2000 	C:\Windows\System32\bcryptPrimitives.dll
0x00007ff8f8020000 - 0x00007ff8f8045000 	C:\Program Files\Android\Android Studio\jbr\bin\java.dll

dbghelp: loaded successfully - version: 4.0.5 - missing functions: none
symbol engine: initialized successfully - sym options: 0x614 - pdb path: .;C:\Program Files\Android\Android Studio\jbr\bin;C:\Windows\SYSTEM32;C:\Windows\WinSxS\amd64_microsoft.windows.common-controls_6595b64144ccf1df_6.0.19041.3636_none_60b6a03d71f818d5;C:\Program Files\Android\Android Studio\jbr\bin\server

VM Arguments:
java_command: git4idea.http.GitAskPassApp Username for 'https://github.com': 
java_class_path (initial): C:/Program Files/Android/Android Studio/plugins/vcs-git/lib/git4idea-rt.jar;C:/Program Files/Android/Android Studio/lib/externalProcess-rt.jar
Launcher Type: SUN_STANDARD

[Global flags]
     intx CICompilerCount                          = 4                                         {product} {ergonomic}
     uint ConcGCThreads                            = 2                                         {product} {ergonomic}
     uint G1ConcRefinementThreads                  = 8                                         {product} {ergonomic}
   size_t G1HeapRegionSize                         = 1048576                                   {product} {ergonomic}
    uintx GCDrainStackTargetSize                   = 64                                        {product} {ergonomic}
   size_t InitialHeapSize                          = 134217728                                 {product} {ergonomic}
   size_t MarkStackSize                            = 4194304                                   {product} {ergonomic}
   size_t MaxHeapSize                              = 2136997888                                {product} {ergonomic}
   size_t MinHeapDeltaBytes                        = 1048576                                   {product} {ergonomic}
   size_t MinHeapSize                              = 8388608                                   {product} {ergonomic}
    uintx NonNMethodCodeHeapSize                   = 5839372                                {pd product} {ergonomic}
    uintx NonProfiledCodeHeapSize                  = 122909434                              {pd product} {ergonomic}
    uintx ProfiledCodeHeapSize                     = 122909434                              {pd product} {ergonomic}
    uintx ReservedCodeCacheSize                    = 251658240                              {pd product} {ergonomic}
     bool SegmentedCodeCache                       = true                                      {product} {ergonomic}
   size_t SoftMaxHeapSize                          = 2136997888                             {manageable} {ergonomic}
     bool UseCompressedClassPointers               = true                           {product lp64_product} {ergonomic}
     bool UseCompressedOops                        = true                           {product lp64_product} {ergonomic}
     bool UseG1GC                                  = true                                      {product} {ergonomic}
     bool UseLargePagesIndividualAllocation        = false                                  {pd product} {ergonomic}

Logging:
Log output configuration:
 #0: stdout all=warning uptime,level,tags
 #1: stderr all=off uptime,level,tags

Environment Variables:
JAVA_HOME=C:\Program Files (x86)\Java\jre-1.8\bin
PATH=C:\Program Files\Git\mingw64\libexec\git-core;C:\Program Files\Git\mingw64\libexec\git-core;C:\Program Files\Git\mingw64\bin;C:\Program Files\Git\usr\bin;C:\Users\Adil Sattar\bin;C:\Program Files (x86)\Common Files\Oracle\Java\javapath;C:\Windows\system32;C:\Windows;C:\Windows\System32\Wbem;C:\Windows\System32\WindowsPowerShell\v1.0;C:\Windows\System32\OpenSSH;D:\Android\SDK\flutter\bin;C:\Program Files\Git\cmd;C:\Users\Adil Sattar\AppData\Local\Microsoft\WindowsApps;D:\Android\SDK\flutter\bin;C:\Users\Adil Sattar\AppData\Local\Programs\Microsoft VS Code\bin
USERNAME=Adil Sattar
DISPLAY=:0.0
LC_ALL=en_US.UTF-8
TERM=xterm-256color
TMPDIR=C:\Users\ADILSA~1\AppData\Local\Temp
OS=Windows_NT
PROCESSOR_IDENTIFIER=Intel64 Family 6 Model 45 Stepping 7, GenuineIntel
TMP=C:\Users\ADILSA~1\AppData\Local\Temp
TEMP=C:\Users\ADILSA~1\AppData\Local\Temp


JNI global refs:
JNI global refs: 0, weak refs: 0

JNI global refs memory usage: 0, weak refs: 0

OOME stack traces (most recent first):
Classloader memory used:


---------------  S Y S T E M  ---------------

OS:
 Windows 10 , 64 bit Build 19041 (10.0.19041.3636)
OS uptime: 3 days 0:07 hours

CPU: total 8 (initial active 8) (4 cores per cpu, 2 threads per core) family 6 model 45 stepping 7 microcode 0x718, cx8, cmov, fxsr, ht, mmx, sse, sse2, sse3, ssse3, sse4.1, sse4.2, popcnt, tsc, tscinvbit, avx, aes, clmul, vzeroupper, clflush

Memory: 4k page, system-wide physical 8149M (423M free)
TotalPageFile size 12245M (AvailPageFile size 76M)
current process WorkingSet (physical memory assigned to process): 10M, peak: 10M
current process commit charge ("private bytes"): 60M, peak: 188M

vm_info: OpenJDK 64-Bit Server VM (17.0.7+0-b2043.56-10550314) for windows-amd64 JRE (17.0.7+0-b2043.56-10550314), built on Jul 24 2023 18:27:45 by "androidbuild" with MS VC++ 16.10 / 16.11 (VS2019)

END.
